---------------------------------------------------------------
[ 2017-07-17T22:12:10+08:00 ] ::1 ::1 GET /treesys/public/index.php/index/index/hello
[ error ] [0]模板文件不存在:C:\wamp64p\www\treesys\public/../treesys/index\view\index\hello.html
---------------------------------------------------------------
[ 2017-07-17T22:16:34+08:00 ] ::1 ::1 GET /treesys/public/index.php/index/index/hello
[ error ] [0]模板文件不存在:C:\wamp64p\www\treesys\public/../treesys/index\view\index\hello.html
---------------------------------------------------------------
[ 2017-07-17T22:21:02+08:00 ] ::1 ::1 GET /treesys/public/index/index/hello
[ error ] [0]模板文件不存在:C:\wamp64p\www\treesys\public/../treesys/index\view\index\hello.html
---------------------------------------------------------------
[ 2017-07-17T22:21:55+08:00 ] ::1 ::1 GET /treesys/public/index/index/hello
[ error ] [0]模板文件不存在:C:\wamp64p\www\treesys\public/../treesys/index\view\index\hello.html
---------------------------------------------------------------
[ 2017-07-17T22:23:57+08:00 ] ::1 ::1 GET /treesys/public/index/index/hello
[ error ] [0]模板文件不存在:C:\wamp64p\www\treesys\public/../treesys/index\view\index\hello.html
---------------------------------------------------------------
[ 2017-07-17T22:24:02+08:00 ] ::1 ::1 GET /treesys/public/index/index/hello/haha
[ error ] [0]模板文件不存在:C:\wamp64p\www\treesys\public/../treesys/index\view\index\hello.html
---------------------------------------------------------------
[ 2017-07-17T22:24:05+08:00 ] ::1 ::1 GET /treesys/public/index/index/hello
[ error ] [0]模板文件不存在:C:\wamp64p\www\treesys\public/../treesys/index\view\index\hello.html
---------------------------------------------------------------
[ 2017-07-17T22:28:35+08:00 ] ::1 ::1 GET /treesys/public/index/index/hello
[ error ] [1]Class 'app\index\controller\Db' not found
---------------------------------------------------------------
[ 2017-07-17T22:28:37+08:00 ] ::1 ::1 GET /treesys/public/index/index/hello
[ error ] [1]Class 'app\index\controller\Db' not found
---------------------------------------------------------------
[ 2017-07-17T22:30:08+08:00 ] ::1 ::1 GET /treesys/public/index/index/hello
[ error ] [1]Class 'app\index\controller\Db' not found
---------------------------------------------------------------
[ 2017-07-17T22:30:33+08:00 ] ::1 ::1 GET /treesys/public/index/index/hello
[ sql ] [ DB ] CONNECT:[ UseTime:1.809308s ] mysql:dbname=treesys;host=119.23.214.28;port=3306;charset=utf8
[ sql ] [ SQL ] SHOW COLUMNS FROM `user` [ RunTime:0.038593s ]
[ sql ] [ SQL ] SELECT * FROM `user` LIMIT 1 [ RunTime:0.021876s ]
[ error ] [8]Use of undefined constant username - assumed 'username'
---------------------------------------------------------------
[ 2017-07-17T22:33:09+08:00 ] ::1 ::1 GET /treesys/public/index/index/hello
[ sql ] [ DB ] CONNECT:[ UseTime:1.750925s ] mysql:dbname=treesys;host=119.23.214.28;port=3306;charset=utf8
[ sql ] [ SQL ] SHOW COLUMNS FROM `user` [ RunTime:0.023238s ]
[ sql ] [ SQL ] SELECT * FROM `user` LIMIT 1 [ RunTime:0.051800s ]
[ error ] [8]Use of undefined constant username - assumed 'username'
---------------------------------------------------------------
[ 2017-07-17T22:33:19+08:00 ] ::1 ::1 GET /treesys/public/index/index/hello
[ sql ] [ DB ] CONNECT:[ UseTime:0.073765s ] mysql:dbname=treesys;host=119.23.214.28;port=3306;charset=utf8
[ sql ] [ SQL ] SHOW COLUMNS FROM `user` [ RunTime:0.024109s ]
[ sql ] [ SQL ] SELECT * FROM `user` LIMIT 1 [ RunTime:0.023486s ]
---------------------------------------------------------------
[ 2017-07-17T22:33:41+08:00 ] ::1 ::1 GET /treesys/public/index/index/hello
[ sql ] [ DB ] CONNECT:[ UseTime:0.053244s ] mysql:dbname=treesys;host=119.23.214.28;port=3306;charset=utf8
[ sql ] [ SQL ] SHOW COLUMNS FROM `user` [ RunTime:0.025876s ]
[ sql ] [ SQL ] SELECT * FROM `user` LIMIT 1 [ RunTime:0.026259s ]
[ error ] [8]Trying to get property of non-object
---------------------------------------------------------------
[ 2017-07-17T22:34:48+08:00 ] ::1 ::1 GET /treesys/public/index/index/hello
[ sql ] [ DB ] CONNECT:[ UseTime:0.046939s ] mysql:dbname=treesys;host=119.23.214.28;port=3306;charset=utf8
[ sql ] [ SQL ] SHOW COLUMNS FROM `user` [ RunTime:0.023845s ]
[ sql ] [ SQL ] SELECT * FROM `user` LIMIT 1 [ RunTime:0.023121s ]
[ error ] [8]Use of undefined constant username - assumed 'username'
---------------------------------------------------------------
[ 2017-07-17T22:34:57+08:00 ] ::1 ::1 GET /treesys/public/index/index/hello
[ sql ] [ DB ] CONNECT:[ UseTime:0.047744s ] mysql:dbname=treesys;host=119.23.214.28;port=3306;charset=utf8
[ sql ] [ SQL ] SHOW COLUMNS FROM `user` [ RunTime:0.023950s ]
[ sql ] [ SQL ] SELECT * FROM `user` LIMIT 1 [ RunTime:0.023344s ]
---------------------------------------------------------------
[ 2017-07-17T22:35:17+08:00 ] ::1 ::1 GET /treesys/public/index/index/hello
[ error ] [0]method not exist:think\db\Query->findall
---------------------------------------------------------------
[ 2017-07-17T22:35:24+08:00 ] ::1 ::1 GET /treesys/public/index/index/hello
[ error ] [0]method not exist:think\db\Query->findAll
---------------------------------------------------------------
[ 2017-07-17T22:36:22+08:00 ] ::1 ::1 GET /treesys/public/index/index/hello
[ sql ] [ DB ] CONNECT:[ UseTime:0.154501s ] mysql:dbname=treesys;host=119.23.214.28;port=3306;charset=utf8
[ sql ] [ SQL ] SHOW COLUMNS FROM `user` [ RunTime:0.029006s ]
[ sql ] [ SQL ] SELECT * FROM `user` LIMIT 1 [ RunTime:0.022419s ]
---------------------------------------------------------------
[ 2017-07-17T22:39:43+08:00 ] ::1 ::1 GET /treesys/public/index/index/hello
[ sql ] [ DB ] CONNECT:[ UseTime:0.156836s ] mysql:dbname=treesys;host=119.23.214.28;port=3306;charset=utf8
[ sql ] [ SQL ] SHOW COLUMNS FROM `user` [ RunTime:0.027168s ]
[ sql ] [ SQL ] SELECT * FROM `user` LIMIT 1 [ RunTime:0.024947s ]
[ error ] [8]未定义数组下标: 0
---------------------------------------------------------------
[ 2017-07-17T22:40:19+08:00 ] ::1 ::1 GET /treesys/public/index/index/hello
[ sql ] [ DB ] CONNECT:[ UseTime:0.056890s ] mysql:dbname=treesys;host=119.23.214.28;port=3306;charset=utf8
[ sql ] [ SQL ] SHOW COLUMNS FROM `user` [ RunTime:0.028135s ]
[ sql ] [ SQL ] SELECT * FROM `user` LIMIT 1 [ RunTime:0.029184s ]
---------------------------------------------------------------
[ 2017-07-17T22:41:56+08:00 ] ::1 ::1 GET /treesys/public/index/index/hello
[ error ] [0]method not exist:think\db\Query->findALL
---------------------------------------------------------------
[ 2017-07-17T22:44:21+08:00 ] ::1 ::1 GET /treesys/public/index/index/hello
[ sql ] [ DB ] CONNECT:[ UseTime:0.118178s ] mysql:dbname=treesys;host=119.23.214.28;port=3306;charset=utf8
[ sql ] [ SQL ] SHOW COLUMNS FROM `user` [ RunTime:0.019946s ]
[ sql ] [ SQL ] SELECT * FROM `user` [ RunTime:0.019124s ]
[ error ] [8]未定义数组索引: password
---------------------------------------------------------------
[ 2017-07-17T22:44:35+08:00 ] ::1 ::1 GET /treesys/public/index/index/hello
[ sql ] [ DB ] CONNECT:[ UseTime:0.066416s ] mysql:dbname=treesys;host=119.23.214.28;port=3306;charset=utf8
[ sql ] [ SQL ] SHOW COLUMNS FROM `user` [ RunTime:0.018837s ]
[ sql ] [ SQL ] SELECT * FROM `user` [ RunTime:0.017038s ]
